DEPRECATION WARNING: ActiveRecord::Base.raise_in_transactional_callbacks= is deprecated, has no effect and will be removed without replacement. (called from <top (required)> at /Users/appacademy/Desktop/app-academy/curriculum/html-css/projects/aa_times/skeleton/config/environment.rb:5)
DEPRECATION WARNING: Passing #original_exception is deprecated and has no effect. Exceptions will automatically capture the original exception. (called from require at /Users/appacademy/Desktop/app-academy/curriculum/html-css/projects/aa_times/skeleton/bin/rails:9)
DEPRECATION WARNING: ActiveRecord::Base.raise_in_transactional_callbacks= is deprecated, has no effect and will be removed without replacement. (called from require at /Users/appacademy/Desktop/app-academy/curriculum/html-css/projects/aa_times/skeleton/bin/rails:9)
  [1m[35m (6.2ms)[0m  [1m[35mCREATE TABLE "schema_migrations" ("version" varchar NOT NULL PRIMARY KEY)[0m
  [1m[35m (2.7ms)[0m  [1m[35mCREATE TABLE "ar_internal_metadata" ("key" varchar NOT NULL PRIMARY KEY, "value" varchar, "created_at" datetime NOT NULL, "updated_at" datetime NOT NULL)[0m
  [1m[36mActiveRecord::InternalMetadata Load (0.3ms)[0m  [1m[34mSELECT  "ar_internal_metadata".* FROM "ar_internal_metadata" WHERE "ar_internal_metadata"."key" = ? LIMIT ?[0m  [["key", "environment"], ["LIMIT", 1]]
  [1m[35m (0.1ms)[0m  [1m[36mbegin transaction[0m
  [1m[35mSQL (0.5ms)[0m  [1m[32mINSERT INTO "ar_internal_metadata" ("key", "value", "created_at", "updated_at") VALUES (?, ?, ?, ?)[0m  [["key", "environment"], ["value", "development"], ["created_at", "2018-05-08 13:28:35.437337"], ["updated_at", "2018-05-08 13:28:35.437337"]]
  [1m[35m (2.2ms)[0m  [1m[36mcommit transaction[0m
  [1m[36mActiveRecord::SchemaMigration Load (0.1ms)[0m  [1m[34mSELECT "schema_migrations".* FROM "schema_migrations"[0m
Started GET "/" for ::1 at 2018-05-08 09:29:10 -0400
DEPRECATION WARNING: ActiveRecord::Base.raise_in_transactional_callbacks= is deprecated, has no effect and will be removed without replacement. (called from block (3 levels) in <class:Railtie> at /usr/local/var/rbenv/versions/2.3.1/lib/ruby/gems/2.3.0/gems/activerecord-5.0.7/lib/active_record/railtie.rb:113)
Processing by StaticPagesController#index as HTML
  Rendering static_pages/index.html.erb within layouts/application
  Rendered shared/_main_nav.html.erb (0.7ms)
  Rendered shared/_masthead.html.erb (0.5ms)
  Rendered shared/_sections_nav.html.erb (0.9ms)
  Rendered shared/_search_modal.html.erb (0.5ms)
  Rendered shared/_main_content.html.erb (0.4ms)
  Rendered static_pages/index.html.erb within layouts/application (32.0ms)
Completed 200 OK in 817ms (Views: 810.1ms | ActiveRecord: 0.0ms)


Started GET "/assets/components/dropdown.self-815016af6fab1d5b72abd319213bf62f0c42bab2c585d2e059543ae704a0d74c.js?body=1" for ::1 at 2018-05-08 09:29:11 -0400
Started GET "/assets/components/modal.self-52188644dbb47def5ee35ae02e69eb567ca9b664472357a8a5789dd39032a265.js?body=1" for ::1 at 2018-05-08 09:29:11 -0400
Started GET "/assets/components/sidebar.self-2a1277f850a6fa21e1a974ef5152f177ac05516477d5081d593bb137b3d6808b.js?body=1" for ::1 at 2018-05-08 09:29:11 -0400
Started GET "/assets/application.self-f571b9db02bf4ed04c38a6a29072ac382f7d4f47db1fab9817aeadb0d8665235.js?body=1" for ::1 at 2018-05-08 09:29:11 -0400
Started GET "/assets/application.self-b663423749731f7aefc12aab04903643ffbbfafb45fcfb66496adb852614caef.css?body=1" for ::1 at 2018-05-08 09:29:11 -0400
Started GET "/" for ::1 at 2018-11-19 11:16:54 -0800
DEPRECATION WARNING: ActiveRecord::Base.raise_in_transactional_callbacks= is deprecated, has no effect and will be removed without replacement. (called from block (3 levels) in <class:Railtie> at /usr/local/var/rbenv/versions/2.5.0/lib/ruby/gems/2.5.0/gems/activerecord-5.0.7/lib/active_record/railtie.rb:113)
Processing by StaticPagesController#index as HTML
  Rendering static_pages/index.html.erb within layouts/application
  Rendered shared/_main_nav.html.erb (0.3ms)
  Rendered shared/_masthead.html.erb (0.2ms)
  Rendered shared/_sections_nav.html.erb (0.3ms)
  Rendered shared/_search_modal.html.erb (0.2ms)
  Rendered shared/_main_content.html.erb (0.2ms)
  Rendered static_pages/index.html.erb within layouts/application (14.5ms)
Completed 200 OK in 1179ms (Views: 1175.6ms | ActiveRecord: 0.0ms)


Started GET "/assets/application.self-28eb16dc65759cb422d5095527f3d7f217d7ea136025aaa78995ffa00effda9d.css?body=1" for ::1 at 2018-11-19 11:16:56 -0800
Started GET "/assets/jquery.self-bd7ddd393353a8d2480a622e80342adf488fb6006d667e8b42e4c0073393abee.js?body=1" for ::1 at 2018-11-19 11:16:56 -0800
Started GET "/assets/jquery_ujs.self-784a997f6726036b1993eb2217c9cb558e1cbb801c6da88105588c56f13b466a.js?body=1" for ::1 at 2018-11-19 11:16:56 -0800
Started GET "/assets/components/dropdown.self-815016af6fab1d5b72abd319213bf62f0c42bab2c585d2e059543ae704a0d74c.js?body=1" for ::1 at 2018-11-19 11:16:56 -0800
Started GET "/assets/components/modal.self-52188644dbb47def5ee35ae02e69eb567ca9b664472357a8a5789dd39032a265.js?body=1" for ::1 at 2018-11-19 11:16:56 -0800
Started GET "/assets/components/sidebar.self-2a1277f850a6fa21e1a974ef5152f177ac05516477d5081d593bb137b3d6808b.js?body=1" for ::1 at 2018-11-19 11:16:56 -0800
Started GET "/assets/application.self-f571b9db02bf4ed04c38a6a29072ac382f7d4f47db1fab9817aeadb0d8665235.js?body=1" for ::1 at 2018-11-19 11:16:56 -0800
Started GET "/assets/application.self-28eb16dc65759cb422d5095527f3d7f217d7ea136025aaa78995ffa00effda9d.css?body=1&livereload=1542655483789" for ::1 at 2018-11-19 11:24:43 -0800
Started GET "/assets/application.self-28eb16dc65759cb422d5095527f3d7f217d7ea136025aaa78995ffa00effda9d.css?body=1&livereload=1542655483792" for ::1 at 2018-11-19 11:24:43 -0800
Started GET "/assets/application.self-28eb16dc65759cb422d5095527f3d7f217d7ea136025aaa78995ffa00effda9d.css?body=1&livereload=1542655567843" for ::1 at 2018-11-19 11:26:07 -0800
Started GET "/assets/application.self-28eb16dc65759cb422d5095527f3d7f217d7ea136025aaa78995ffa00effda9d.css?body=1&livereload=1542655567844" for ::1 at 2018-11-19 11:26:07 -0800
Started GET "/assets/application.self-28eb16dc65759cb422d5095527f3d7f217d7ea136025aaa78995ffa00effda9d.css?body=1&livereload=1542655687852" for ::1 at 2018-11-19 11:28:07 -0800
Started GET "/assets/application.self-28eb16dc65759cb422d5095527f3d7f217d7ea136025aaa78995ffa00effda9d.css?body=1&livereload=1542655687854" for ::1 at 2018-11-19 11:28:07 -0800
Started GET "/assets/application.self-28eb16dc65759cb422d5095527f3d7f217d7ea136025aaa78995ffa00effda9d.css?body=1&livereload=1542655738190" for ::1 at 2018-11-19 11:28:58 -0800
Started GET "/assets/application.self-28eb16dc65759cb422d5095527f3d7f217d7ea136025aaa78995ffa00effda9d.css?body=1&livereload=1542655738191" for ::1 at 2018-11-19 11:28:58 -0800
Started GET "/assets/application.self-28eb16dc65759cb422d5095527f3d7f217d7ea136025aaa78995ffa00effda9d.css?body=1&livereload=1542655745900" for ::1 at 2018-11-19 11:29:05 -0800
Started GET "/assets/application.self-28eb16dc65759cb422d5095527f3d7f217d7ea136025aaa78995ffa00effda9d.css?body=1&livereload=1542655745901" for ::1 at 2018-11-19 11:29:05 -0800
Started GET "/assets/application.self-28eb16dc65759cb422d5095527f3d7f217d7ea136025aaa78995ffa00effda9d.css?body=1&livereload=1542655753424" for ::1 at 2018-11-19 11:29:13 -0800
Started GET "/assets/application.self-28eb16dc65759cb422d5095527f3d7f217d7ea136025aaa78995ffa00effda9d.css?body=1&livereload=1542655753424&livereload=1542655753424" for ::1 at 2018-11-19 11:29:13 -0800
Started GET "/cats" for ::1 at 2018-11-19 11:30:23 -0800
  
ActionController::RoutingError (No route matches [GET] "/cats"):
  
actionpack (5.0.7) lib/action_dispatch/middleware/debug_exceptions.rb:53:in `call'
web-console (3.6.2) lib/web_console/middleware.rb:135:in `call_app'
web-console (3.6.2) lib/web_console/middleware.rb:30:in `block in call'
web-console (3.6.2) lib/web_console/middleware.rb:20:in `catch'
web-console (3.6.2) lib/web_console/middleware.rb:20:in `call'
actionpack (5.0.7) lib/action_dispatch/middleware/show_exceptions.rb:31:in `call'
railties (5.0.7) lib/rails/rack/logger.rb:36:in `call_app'
railties (5.0.7) lib/rails/rack/logger.rb:24:in `block in call'
activesupport (5.0.7) lib/active_support/tagged_logging.rb:69:in `block in tagged'
activesupport (5.0.7) lib/active_support/tagged_logging.rb:26:in `tagged'
activesupport (5.0.7) lib/active_support/tagged_logging.rb:69:in `tagged'
railties (5.0.7) lib/rails/rack/logger.rb:24:in `call'
actionpack (5.0.7) lib/action_dispatch/middleware/request_id.rb:24:in `call'
rack (2.0.5) lib/rack/method_override.rb:22:in `call'
rack (2.0.5) lib/rack/runtime.rb:22:in `call'
activesupport (5.0.7) lib/active_support/cache/strategy/local_cache_middleware.rb:28:in `call'
actionpack (5.0.7) lib/action_dispatch/middleware/executor.rb:12:in `call'
rack-livereload (0.3.17) lib/rack/livereload.rb:23:in `_call'
rack-livereload (0.3.17) lib/rack/livereload.rb:14:in `call'
actionpack (5.0.7) lib/action_dispatch/middleware/static.rb:136:in `call'
rack (2.0.5) lib/rack/sendfile.rb:111:in `call'
railties (5.0.7) lib/rails/engine.rb:522:in `call'
puma (3.11.4) lib/puma/configuration.rb:225:in `call'
puma (3.11.4) lib/puma/server.rb:632:in `handle_request'
puma (3.11.4) lib/puma/server.rb:446:in `process_client'
puma (3.11.4) lib/puma/server.rb:306:in `block in run'
puma (3.11.4) lib/puma/thread_pool.rb:120:in `block in spawn_thread'
  Rendering /usr/local/var/rbenv/versions/2.5.0/lib/ruby/gems/2.5.0/gems/actionpack-5.0.7/lib/action_dispatch/middleware/templates/rescues/routing_error.html.erb within rescues/layout
  Rendering /usr/local/var/rbenv/versions/2.5.0/lib/ruby/gems/2.5.0/gems/actionpack-5.0.7/lib/action_dispatch/middleware/templates/rescues/_trace.html.erb
  Rendered /usr/local/var/rbenv/versions/2.5.0/lib/ruby/gems/2.5.0/gems/actionpack-5.0.7/lib/action_dispatch/middleware/templates/rescues/_trace.html.erb (1.5ms)
  Rendered collection of /usr/local/var/rbenv/versions/2.5.0/lib/ruby/gems/2.5.0/gems/actionpack-5.0.7/lib/action_dispatch/middleware/templates/routes/_route.html.erb [1 times] (42.3ms)
  Rendered /usr/local/var/rbenv/versions/2.5.0/lib/ruby/gems/2.5.0/gems/actionpack-5.0.7/lib/action_dispatch/middleware/templates/routes/_table.html.erb (24.9ms)
  Rendering /usr/local/var/rbenv/versions/2.5.0/lib/ruby/gems/2.5.0/gems/actionpack-5.0.7/lib/action_dispatch/middleware/templates/rescues/_request_and_response.html.erb
  Rendered /usr/local/var/rbenv/versions/2.5.0/lib/ruby/gems/2.5.0/gems/actionpack-5.0.7/lib/action_dispatch/middleware/templates/rescues/_request_and_response.html.erb (2.5ms)
  Rendered /usr/local/var/rbenv/versions/2.5.0/lib/ruby/gems/2.5.0/gems/actionpack-5.0.7/lib/action_dispatch/middleware/templates/rescues/routing_error.html.erb within rescues/layout (266.5ms)
Started GET "/" for ::1 at 2018-11-19 11:30:28 -0800
Processing by StaticPagesController#index as HTML
  Rendering static_pages/index.html.erb within layouts/application
  Rendered shared/_main_nav.html.erb (0.4ms)
  Rendered shared/_masthead.html.erb (0.6ms)
  Rendered shared/_sections_nav.html.erb (0.4ms)
  Rendered shared/_search_modal.html.erb (0.3ms)
  Rendered shared/_main_content.html.erb (0.4ms)
  Rendered static_pages/index.html.erb within layouts/application (18.5ms)
Completed 200 OK in 110ms (Views: 94.9ms | ActiveRecord: 0.0ms)


Started GET "/assets/application.self-d3cf70332c6728aaa492c4619900f1bb93f83d6be0dedcd5068b385f19b617a9.css?body=1" for ::1 at 2018-11-19 11:30:28 -0800
Started GET "/" for ::1 at 2018-11-19 11:35:45 -0800
Processing by StaticPagesController#index as HTML
  Rendering static_pages/index.html.erb within layouts/application
  Rendered shared/_main_nav.html.erb (0.6ms)
  Rendered shared/_masthead.html.erb (0.4ms)
  Rendered shared/_sections_nav.html.erb (0.5ms)
  Rendered shared/_search_modal.html.erb (0.5ms)
  Rendered shared/_main_content.html.erb (0.6ms)
  Rendered static_pages/index.html.erb within layouts/application (17.5ms)
Completed 200 OK in 97ms (Views: 84.3ms | ActiveRecord: 0.0ms)


Started GET "/" for ::1 at 2018-11-19 11:36:41 -0800
Processing by StaticPagesController#index as HTML
  Rendering static_pages/index.html.erb within layouts/application
  Rendered shared/_main_nav.html.erb (0.5ms)
  Rendered shared/_masthead.html.erb (0.5ms)
  Rendered shared/_sections_nav.html.erb (0.6ms)
  Rendered shared/_search_modal.html.erb (0.3ms)
  Rendered shared/_main_content.html.erb (0.5ms)
  Rendered static_pages/index.html.erb within layouts/application (18.2ms)
Completed 200 OK in 46ms (Views: 42.4ms | ActiveRecord: 0.0ms)


Started GET "/" for ::1 at 2018-11-19 11:37:39 -0800
Processing by StaticPagesController#index as HTML
  Rendering static_pages/index.html.erb within layouts/application
  Rendered shared/_main_nav.html.erb (0.2ms)
  Rendered shared/_masthead.html.erb (0.3ms)
  Rendered shared/_sections_nav.html.erb (0.3ms)
  Rendered shared/_search_modal.html.erb (0.8ms)
  Rendered shared/_main_content.html.erb (0.4ms)
  Rendered static_pages/index.html.erb within layouts/application (17.5ms)
Completed 200 OK in 75ms (Views: 55.1ms | ActiveRecord: 0.0ms)


Started GET "/" for ::1 at 2018-11-19 11:38:17 -0800
Processing by StaticPagesController#index as HTML
  Rendering static_pages/index.html.erb within layouts/application
  Rendered shared/_main_nav.html.erb (0.5ms)
  Rendered shared/_masthead.html.erb (0.4ms)
  Rendered shared/_sections_nav.html.erb (0.4ms)
  Rendered shared/_search_modal.html.erb (0.5ms)
  Rendered shared/_main_content.html.erb (1.3ms)
  Rendered static_pages/index.html.erb within layouts/application (39.6ms)
Completed 200 OK in 98ms (Views: 93.3ms | ActiveRecord: 0.0ms)


Started GET "/" for ::1 at 2018-11-19 11:38:34 -0800
Processing by StaticPagesController#index as HTML
  Rendering static_pages/index.html.erb within layouts/application
  Rendered shared/_main_nav.html.erb (0.7ms)
  Rendered shared/_masthead.html.erb (0.4ms)
  Rendered shared/_sections_nav.html.erb (0.6ms)
  Rendered shared/_search_modal.html.erb (0.6ms)
  Rendered shared/_main_content.html.erb (0.6ms)
  Rendered static_pages/index.html.erb within layouts/application (21.6ms)
Completed 200 OK in 56ms (Views: 52.6ms | ActiveRecord: 0.0ms)


Started GET "/" for ::1 at 2018-11-19 11:39:06 -0800
Processing by StaticPagesController#index as HTML
  Rendering static_pages/index.html.erb within layouts/application
  Rendered shared/_main_nav.html.erb (3.8ms)
  Rendered shared/_masthead.html.erb (0.4ms)
  Rendered shared/_sections_nav.html.erb (0.5ms)
  Rendered shared/_search_modal.html.erb (0.5ms)
  Rendered shared/_main_content.html.erb (0.6ms)
  Rendered static_pages/index.html.erb within layouts/application (25.3ms)
Completed 200 OK in 59ms (Views: 55.8ms | ActiveRecord: 0.0ms)


Started GET "/" for ::1 at 2018-11-19 11:39:18 -0800
Processing by StaticPagesController#index as HTML
  Rendering static_pages/index.html.erb within layouts/application
  Rendered shared/_main_nav.html.erb (0.4ms)
  Rendered shared/_masthead.html.erb (0.4ms)
  Rendered shared/_sections_nav.html.erb (0.3ms)
  Rendered shared/_search_modal.html.erb (0.3ms)
  Rendered shared/_main_content.html.erb (0.4ms)
  Rendered static_pages/index.html.erb within layouts/application (14.2ms)
Completed 200 OK in 38ms (Views: 34.9ms | ActiveRecord: 0.0ms)


Started GET "/assets/application.self-d3cf70332c6728aaa492c4619900f1bb93f83d6be0dedcd5068b385f19b617a9.css?body=1&livereload=1542656553701" for ::1 at 2018-11-19 11:42:33 -0800
Started GET "/assets/application.self-d3cf70332c6728aaa492c4619900f1bb93f83d6be0dedcd5068b385f19b617a9.css?body=1&livereload=1542656553703" for ::1 at 2018-11-19 11:42:33 -0800
Started GET "/assets/application.self-d3cf70332c6728aaa492c4619900f1bb93f83d6be0dedcd5068b385f19b617a9.css?body=1&livereload=1542656565435" for ::1 at 2018-11-19 11:42:45 -0800
Started GET "/assets/application.self-d3cf70332c6728aaa492c4619900f1bb93f83d6be0dedcd5068b385f19b617a9.css?body=1&livereload=1542656565437" for ::1 at 2018-11-19 11:42:45 -0800
Started GET "/" for ::1 at 2018-11-19 11:42:48 -0800
Processing by StaticPagesController#index as HTML
  Rendering static_pages/index.html.erb within layouts/application
  Rendered shared/_main_nav.html.erb (0.4ms)
  Rendered shared/_masthead.html.erb (0.2ms)
  Rendered shared/_sections_nav.html.erb (0.3ms)
  Rendered shared/_search_modal.html.erb (0.2ms)
  Rendered shared/_main_content.html.erb (0.2ms)
  Rendered static_pages/index.html.erb within layouts/application (12.3ms)
Completed 500 Internal Server Error in 95ms (ActiveRecord: 0.0ms)



Sass::SyntaxError - Invalid CSS after "	// text-align:": expected expression (e.g. 1px, bold), was "}":
  app/views/layouts/application.html.erb:7:in `_app_views_layouts_application_html_erb__3282719064870771839_70239805888060'

Started POST "/__better_errors/82bd23eddd504171/variables" for ::1 at 2018-11-19 11:42:49 -0800
Started GET "/" for ::1 at 2018-11-19 11:42:58 -0800
Processing by StaticPagesController#index as HTML
  Rendering static_pages/index.html.erb within layouts/application
  Rendered shared/_main_nav.html.erb (0.2ms)
  Rendered shared/_masthead.html.erb (0.2ms)
  Rendered shared/_sections_nav.html.erb (0.2ms)
  Rendered shared/_search_modal.html.erb (0.7ms)
  Rendered shared/_main_content.html.erb (0.3ms)
  Rendered static_pages/index.html.erb within layouts/application (13.4ms)
Completed 200 OK in 132ms (Views: 129.9ms | ActiveRecord: 0.0ms)


Started GET "/assets/application.self-868944e06e91b09848a350f97f78160ae57cfdeed18c03bfcdb2164ab3ce227a.css?body=1" for ::1 at 2018-11-19 11:42:58 -0800
Started GET "/assets/application.self-868944e06e91b09848a350f97f78160ae57cfdeed18c03bfcdb2164ab3ce227a.css?body=1&livereload=1542656655809" for ::1 at 2018-11-19 11:44:15 -0800
Started GET "/assets/application.self-868944e06e91b09848a350f97f78160ae57cfdeed18c03bfcdb2164ab3ce227a.css?body=1&livereload=1542656655816" for ::1 at 2018-11-19 11:44:15 -0800
Started GET "/assets/application.self-868944e06e91b09848a350f97f78160ae57cfdeed18c03bfcdb2164ab3ce227a.css?body=1&livereload=1542656825411" for ::1 at 2018-11-19 11:47:05 -0800
Started GET "/assets/application.self-868944e06e91b09848a350f97f78160ae57cfdeed18c03bfcdb2164ab3ce227a.css?body=1&livereload=1542656825411&livereload=1542656825411" for ::1 at 2018-11-19 11:47:05 -0800
Started GET "/" for ::1 at 2018-11-19 11:47:09 -0800
Processing by StaticPagesController#index as HTML
  Rendering static_pages/index.html.erb within layouts/application
  Rendered shared/_main_nav.html.erb (0.4ms)
  Rendered shared/_masthead.html.erb (0.3ms)
  Rendered shared/_sections_nav.html.erb (0.2ms)
  Rendered shared/_search_modal.html.erb (0.2ms)
  Rendered shared/_main_content.html.erb (0.3ms)
  Rendered static_pages/index.html.erb within layouts/application (13.9ms)
Completed 200 OK in 88ms (Views: 42.6ms | ActiveRecord: 0.0ms)


Started GET "/assets/application.self-0cb7347f60495b2ac01072ce0e08625b8607d8a30b3c9887bb1809cf36c12b35.css?body=1" for ::1 at 2018-11-19 11:47:09 -0800
Started GET "/assets/application.self-0cb7347f60495b2ac01072ce0e08625b8607d8a30b3c9887bb1809cf36c12b35.css?body=1&livereload=1542656846113" for ::1 at 2018-11-19 11:47:26 -0800
Started GET "/assets/application.self-0cb7347f60495b2ac01072ce0e08625b8607d8a30b3c9887bb1809cf36c12b35.css?body=1&livereload=1542656846118" for ::1 at 2018-11-19 11:47:26 -0800
Started GET "/assets/application.self-0cb7347f60495b2ac01072ce0e08625b8607d8a30b3c9887bb1809cf36c12b35.css?body=1&livereload=1542656853615" for ::1 at 2018-11-19 11:47:33 -0800
Started GET "/assets/application.self-0cb7347f60495b2ac01072ce0e08625b8607d8a30b3c9887bb1809cf36c12b35.css?body=1&livereload=1542656853617" for ::1 at 2018-11-19 11:47:33 -0800
Started GET "/assets/application.self-0cb7347f60495b2ac01072ce0e08625b8607d8a30b3c9887bb1809cf36c12b35.css?body=1&livereload=1542657055595" for ::1 at 2018-11-19 11:50:55 -0800
Started GET "/assets/application.self-0cb7347f60495b2ac01072ce0e08625b8607d8a30b3c9887bb1809cf36c12b35.css?body=1&livereload=1542657055597" for ::1 at 2018-11-19 11:50:55 -0800
Started GET "/assets/application.self-0cb7347f60495b2ac01072ce0e08625b8607d8a30b3c9887bb1809cf36c12b35.css?body=1&livereload=1542657126223" for ::1 at 2018-11-19 11:52:06 -0800
Started GET "/assets/application.self-0cb7347f60495b2ac01072ce0e08625b8607d8a30b3c9887bb1809cf36c12b35.css?body=1&livereload=1542657126225" for ::1 at 2018-11-19 11:52:06 -0800
Started GET "/assets/application.self-0cb7347f60495b2ac01072ce0e08625b8607d8a30b3c9887bb1809cf36c12b35.css?body=1&livereload=1542657147580" for ::1 at 2018-11-19 11:52:27 -0800
Started GET "/assets/application.self-0cb7347f60495b2ac01072ce0e08625b8607d8a30b3c9887bb1809cf36c12b35.css?body=1&livereload=1542657147581" for ::1 at 2018-11-19 11:52:27 -0800
Started GET "/assets/application.self-0cb7347f60495b2ac01072ce0e08625b8607d8a30b3c9887bb1809cf36c12b35.css?body=1&livereload=1542657156331" for ::1 at 2018-11-19 11:52:36 -0800
Started GET "/assets/application.self-0cb7347f60495b2ac01072ce0e08625b8607d8a30b3c9887bb1809cf36c12b35.css?body=1&livereload=1542657156333" for ::1 at 2018-11-19 11:52:36 -0800
Started GET "/assets/application.self-0cb7347f60495b2ac01072ce0e08625b8607d8a30b3c9887bb1809cf36c12b35.css?body=1&livereload=1542657263741" for ::1 at 2018-11-19 11:54:23 -0800
Started GET "/assets/application.self-0cb7347f60495b2ac01072ce0e08625b8607d8a30b3c9887bb1809cf36c12b35.css?body=1&livereload=1542657263743" for ::1 at 2018-11-19 11:54:23 -0800
Started GET "/assets/application.self-0cb7347f60495b2ac01072ce0e08625b8607d8a30b3c9887bb1809cf36c12b35.css?body=1&livereload=1542657281688" for ::1 at 2018-11-19 11:54:41 -0800
Started GET "/assets/application.self-0cb7347f60495b2ac01072ce0e08625b8607d8a30b3c9887bb1809cf36c12b35.css?body=1&livereload=1542657281687" for ::1 at 2018-11-19 11:54:41 -0800
Started GET "/assets/application.self-0cb7347f60495b2ac01072ce0e08625b8607d8a30b3c9887bb1809cf36c12b35.css?body=1&livereload=1542657357119" for ::1 at 2018-11-19 11:55:57 -0800
Started GET "/assets/application.self-0cb7347f60495b2ac01072ce0e08625b8607d8a30b3c9887bb1809cf36c12b35.css?body=1&livereload=1542657357119&livereload=1542657357119" for ::1 at 2018-11-19 11:55:57 -0800
Started GET "/assets/application.self-0cb7347f60495b2ac01072ce0e08625b8607d8a30b3c9887bb1809cf36c12b35.css?body=1&livereload=1542657390261&livereload=1542657357119" for ::1 at 2018-11-19 11:56:30 -0800
Started GET "/assets/application.self-0cb7347f60495b2ac01072ce0e08625b8607d8a30b3c9887bb1809cf36c12b35.css?body=1&livereload=1542657390262&livereload=1542657357119" for ::1 at 2018-11-19 11:56:30 -0800
Started GET "/assets/application.self-0cb7347f60495b2ac01072ce0e08625b8607d8a30b3c9887bb1809cf36c12b35.css?body=1&livereload=1542657396112&livereload=1542657357119" for ::1 at 2018-11-19 11:56:36 -0800
Started GET "/assets/application.self-0cb7347f60495b2ac01072ce0e08625b8607d8a30b3c9887bb1809cf36c12b35.css?body=1&livereload=1542657396114&livereload=1542657357119" for ::1 at 2018-11-19 11:56:36 -0800
Started GET "/assets/application.self-0cb7347f60495b2ac01072ce0e08625b8607d8a30b3c9887bb1809cf36c12b35.css?body=1&livereload=1542657430389&livereload=1542657357119" for ::1 at 2018-11-19 11:57:10 -0800
Started GET "/assets/application.self-0cb7347f60495b2ac01072ce0e08625b8607d8a30b3c9887bb1809cf36c12b35.css?body=1&livereload=1542657430391&livereload=1542657357119" for ::1 at 2018-11-19 11:57:10 -0800
Started GET "/assets/application.self-0cb7347f60495b2ac01072ce0e08625b8607d8a30b3c9887bb1809cf36c12b35.css?body=1&livereload=1542657437579&livereload=1542657357119" for ::1 at 2018-11-19 11:57:17 -0800
Started GET "/assets/application.self-0cb7347f60495b2ac01072ce0e08625b8607d8a30b3c9887bb1809cf36c12b35.css?body=1&livereload=1542657437580&livereload=1542657357119" for ::1 at 2018-11-19 11:57:17 -0800
Started GET "/assets/application.self-0cb7347f60495b2ac01072ce0e08625b8607d8a30b3c9887bb1809cf36c12b35.css?body=1&livereload=1542657539147&livereload=1542657357119" for ::1 at 2018-11-19 11:58:59 -0800
Started GET "/assets/application.self-0cb7347f60495b2ac01072ce0e08625b8607d8a30b3c9887bb1809cf36c12b35.css?body=1&livereload=1542657539149&livereload=1542657357119" for ::1 at 2018-11-19 11:58:59 -0800
Started GET "/assets/application.self-0cb7347f60495b2ac01072ce0e08625b8607d8a30b3c9887bb1809cf36c12b35.css?body=1&livereload=1542657556133&livereload=1542657357119" for ::1 at 2018-11-19 11:59:16 -0800
Started GET "/assets/application.self-0cb7347f60495b2ac01072ce0e08625b8607d8a30b3c9887bb1809cf36c12b35.css?body=1&livereload=1542657556134&livereload=1542657357119" for ::1 at 2018-11-19 11:59:16 -0800
Started GET "/assets/application.self-0cb7347f60495b2ac01072ce0e08625b8607d8a30b3c9887bb1809cf36c12b35.css?body=1&livereload=1542657563499&livereload=1542657357119" for ::1 at 2018-11-19 11:59:23 -0800
Started GET "/assets/application.self-0cb7347f60495b2ac01072ce0e08625b8607d8a30b3c9887bb1809cf36c12b35.css?body=1&livereload=1542657563499&livereload=1542657357119&livereload=1542657563499" for ::1 at 2018-11-19 11:59:23 -0800
Started GET "/assets/application.self-0cb7347f60495b2ac01072ce0e08625b8607d8a30b3c9887bb1809cf36c12b35.css?body=1&livereload=1542657576160&livereload=1542657357119&livereload=1542657563499" for ::1 at 2018-11-19 11:59:36 -0800
Started GET "/assets/application.self-0cb7347f60495b2ac01072ce0e08625b8607d8a30b3c9887bb1809cf36c12b35.css?body=1&livereload=1542657576163&livereload=1542657357119&livereload=1542657563499" for ::1 at 2018-11-19 11:59:36 -0800
Started GET "/assets/application.self-0cb7347f60495b2ac01072ce0e08625b8607d8a30b3c9887bb1809cf36c12b35.css?body=1&livereload=1542657687263&livereload=1542657357119&livereload=1542657563499" for ::1 at 2018-11-19 12:01:27 -0800
Started GET "/assets/application.self-0cb7347f60495b2ac01072ce0e08625b8607d8a30b3c9887bb1809cf36c12b35.css?body=1&livereload=1542657687265&livereload=1542657357119&livereload=1542657563499" for ::1 at 2018-11-19 12:01:27 -0800
Started GET "/assets/application.self-0cb7347f60495b2ac01072ce0e08625b8607d8a30b3c9887bb1809cf36c12b35.css?body=1&livereload=1542657709463&livereload=1542657357119&livereload=1542657563499" for ::1 at 2018-11-19 12:01:49 -0800
Started GET "/assets/application.self-0cb7347f60495b2ac01072ce0e08625b8607d8a30b3c9887bb1809cf36c12b35.css?body=1&livereload=1542657709465&livereload=1542657357119&livereload=1542657563499" for ::1 at 2018-11-19 12:01:49 -0800
Started GET "/assets/application.self-0cb7347f60495b2ac01072ce0e08625b8607d8a30b3c9887bb1809cf36c12b35.css?body=1&livereload=1542657715679&livereload=1542657357119&livereload=1542657563499" for ::1 at 2018-11-19 12:01:55 -0800
Started GET "/assets/application.self-0cb7347f60495b2ac01072ce0e08625b8607d8a30b3c9887bb1809cf36c12b35.css?body=1&livereload=1542657715681&livereload=1542657357119&livereload=1542657563499" for ::1 at 2018-11-19 12:01:55 -0800
Started GET "/assets/application.self-0cb7347f60495b2ac01072ce0e08625b8607d8a30b3c9887bb1809cf36c12b35.css?body=1&livereload=1542657722410&livereload=1542657357119&livereload=1542657563499" for ::1 at 2018-11-19 12:02:02 -0800
Started GET "/assets/application.self-0cb7347f60495b2ac01072ce0e08625b8607d8a30b3c9887bb1809cf36c12b35.css?body=1&livereload=1542657722412&livereload=1542657357119&livereload=1542657563499" for ::1 at 2018-11-19 12:02:02 -0800
Started GET "/" for ::1 at 2018-11-19 12:02:07 -0800
Processing by StaticPagesController#index as HTML
  Rendering static_pages/index.html.erb within layouts/application
  Rendered shared/_main_nav.html.erb (0.6ms)
  Rendered shared/_masthead.html.erb (0.4ms)
  Rendered shared/_sections_nav.html.erb (0.5ms)
  Rendered shared/_search_modal.html.erb (0.5ms)
  Rendered shared/_main_content.html.erb (0.4ms)
  Rendered static_pages/index.html.erb within layouts/application (32.5ms)
Completed 200 OK in 105ms (Views: 86.6ms | ActiveRecord: 0.0ms)


Started GET "/assets/application.self-39bc33e4932ae6ebbea8c92ddca8a3acaeaaf2354cb427ad004d5d791b530319.css?body=1" for ::1 at 2018-11-19 12:02:08 -0800
Started GET "/assets/application.self-39bc33e4932ae6ebbea8c92ddca8a3acaeaaf2354cb427ad004d5d791b530319.css?body=1&livereload=1542657842908" for ::1 at 2018-11-19 12:04:02 -0800
Started GET "/assets/application.self-39bc33e4932ae6ebbea8c92ddca8a3acaeaaf2354cb427ad004d5d791b530319.css?body=1&livereload=1542657842909" for ::1 at 2018-11-19 12:04:02 -0800
Started GET "/assets/application.self-39bc33e4932ae6ebbea8c92ddca8a3acaeaaf2354cb427ad004d5d791b530319.css?body=1&livereload=1542657889767" for ::1 at 2018-11-19 12:04:49 -0800
Started GET "/assets/application.self-39bc33e4932ae6ebbea8c92ddca8a3acaeaaf2354cb427ad004d5d791b530319.css?body=1&livereload=1542657889768" for ::1 at 2018-11-19 12:04:49 -0800
Started GET "/assets/application.self-39bc33e4932ae6ebbea8c92ddca8a3acaeaaf2354cb427ad004d5d791b530319.css?body=1&livereload=1542657916339" for ::1 at 2018-11-19 12:05:16 -0800
Started GET "/assets/application.self-39bc33e4932ae6ebbea8c92ddca8a3acaeaaf2354cb427ad004d5d791b530319.css?body=1&livereload=1542657916341" for ::1 at 2018-11-19 12:05:16 -0800
Started GET "/assets/application.self-39bc33e4932ae6ebbea8c92ddca8a3acaeaaf2354cb427ad004d5d791b530319.css?body=1&livereload=1542657932055" for ::1 at 2018-11-19 12:05:32 -0800
Started GET "/assets/application.self-39bc33e4932ae6ebbea8c92ddca8a3acaeaaf2354cb427ad004d5d791b530319.css?body=1&livereload=1542657932056" for ::1 at 2018-11-19 12:05:32 -0800
Started GET "/assets/application.self-39bc33e4932ae6ebbea8c92ddca8a3acaeaaf2354cb427ad004d5d791b530319.css?body=1&livereload=1542657946866" for ::1 at 2018-11-19 12:05:46 -0800
Started GET "/assets/application.self-39bc33e4932ae6ebbea8c92ddca8a3acaeaaf2354cb427ad004d5d791b530319.css?body=1&livereload=1542657946867" for ::1 at 2018-11-19 12:05:46 -0800
Started GET "/assets/application.self-39bc33e4932ae6ebbea8c92ddca8a3acaeaaf2354cb427ad004d5d791b530319.css?body=1&livereload=1542657954511" for ::1 at 2018-11-19 12:05:54 -0800
Started GET "/assets/application.self-39bc33e4932ae6ebbea8c92ddca8a3acaeaaf2354cb427ad004d5d791b530319.css?body=1&livereload=1542657954512" for ::1 at 2018-11-19 12:05:54 -0800
Started GET "/assets/application.self-39bc33e4932ae6ebbea8c92ddca8a3acaeaaf2354cb427ad004d5d791b530319.css?body=1&livereload=1542658051961" for ::1 at 2018-11-19 12:07:31 -0800
Started GET "/assets/application.self-39bc33e4932ae6ebbea8c92ddca8a3acaeaaf2354cb427ad004d5d791b530319.css?body=1&livereload=1542658051959" for ::1 at 2018-11-19 12:07:31 -0800
Started GET "/assets/application.self-39bc33e4932ae6ebbea8c92ddca8a3acaeaaf2354cb427ad004d5d791b530319.css?body=1&livereload=1542658115306" for ::1 at 2018-11-19 12:08:35 -0800
Started GET "/assets/application.self-39bc33e4932ae6ebbea8c92ddca8a3acaeaaf2354cb427ad004d5d791b530319.css?body=1&livereload=1542658115307" for ::1 at 2018-11-19 12:08:35 -0800
Started GET "/assets/application.self-39bc33e4932ae6ebbea8c92ddca8a3acaeaaf2354cb427ad004d5d791b530319.css?body=1&livereload=1542658150084" for ::1 at 2018-11-19 12:09:10 -0800
Started GET "/assets/application.self-39bc33e4932ae6ebbea8c92ddca8a3acaeaaf2354cb427ad004d5d791b530319.css?body=1&livereload=1542658150086" for ::1 at 2018-11-19 12:09:10 -0800
Started GET "/assets/application.self-39bc33e4932ae6ebbea8c92ddca8a3acaeaaf2354cb427ad004d5d791b530319.css?body=1&livereload=1542658155580" for ::1 at 2018-11-19 12:09:15 -0800
Started GET "/assets/application.self-39bc33e4932ae6ebbea8c92ddca8a3acaeaaf2354cb427ad004d5d791b530319.css?body=1&livereload=1542658155582" for ::1 at 2018-11-19 12:09:15 -0800
Started GET "/assets/application.self-39bc33e4932ae6ebbea8c92ddca8a3acaeaaf2354cb427ad004d5d791b530319.css?body=1&livereload=1542658185870" for ::1 at 2018-11-19 12:09:45 -0800
Started GET "/assets/application.self-39bc33e4932ae6ebbea8c92ddca8a3acaeaaf2354cb427ad004d5d791b530319.css?body=1&livereload=1542658185869" for ::1 at 2018-11-19 12:09:45 -0800
Started GET "/assets/application.self-39bc33e4932ae6ebbea8c92ddca8a3acaeaaf2354cb427ad004d5d791b530319.css?body=1&livereload=1542658191821" for ::1 at 2018-11-19 12:09:51 -0800
Started GET "/assets/application.self-39bc33e4932ae6ebbea8c92ddca8a3acaeaaf2354cb427ad004d5d791b530319.css?body=1&livereload=1542658191822" for ::1 at 2018-11-19 12:09:51 -0800
Started GET "/assets/application.self-39bc33e4932ae6ebbea8c92ddca8a3acaeaaf2354cb427ad004d5d791b530319.css?body=1&livereload=1542658233794" for ::1 at 2018-11-19 12:10:33 -0800
Started GET "/assets/application.self-39bc33e4932ae6ebbea8c92ddca8a3acaeaaf2354cb427ad004d5d791b530319.css?body=1&livereload=1542658233795" for ::1 at 2018-11-19 12:10:33 -0800
Started GET "/assets/application.self-39bc33e4932ae6ebbea8c92ddca8a3acaeaaf2354cb427ad004d5d791b530319.css?body=1&livereload=1542658248375" for ::1 at 2018-11-19 12:10:48 -0800
Started GET "/assets/application.self-39bc33e4932ae6ebbea8c92ddca8a3acaeaaf2354cb427ad004d5d791b530319.css?body=1&livereload=1542658248376" for ::1 at 2018-11-19 12:10:48 -0800
Started GET "/assets/application.self-39bc33e4932ae6ebbea8c92ddca8a3acaeaaf2354cb427ad004d5d791b530319.css?body=1&livereload=1542658269877" for ::1 at 2018-11-19 12:11:09 -0800
Started GET "/assets/application.self-39bc33e4932ae6ebbea8c92ddca8a3acaeaaf2354cb427ad004d5d791b530319.css?body=1&livereload=1542658269879" for ::1 at 2018-11-19 12:11:09 -0800
Started GET "/assets/application.self-39bc33e4932ae6ebbea8c92ddca8a3acaeaaf2354cb427ad004d5d791b530319.css?body=1&livereload=1542658304783" for ::1 at 2018-11-19 12:11:44 -0800
Started GET "/assets/application.self-39bc33e4932ae6ebbea8c92ddca8a3acaeaaf2354cb427ad004d5d791b530319.css?body=1&livereload=1542658304785" for ::1 at 2018-11-19 12:11:44 -0800
Started GET "/assets/application.self-39bc33e4932ae6ebbea8c92ddca8a3acaeaaf2354cb427ad004d5d791b530319.css?body=1&livereload=1542658314381" for ::1 at 2018-11-19 12:11:54 -0800
Started GET "/assets/application.self-39bc33e4932ae6ebbea8c92ddca8a3acaeaaf2354cb427ad004d5d791b530319.css?body=1&livereload=1542658314383" for ::1 at 2018-11-19 12:11:54 -0800
Started GET "/assets/application.self-39bc33e4932ae6ebbea8c92ddca8a3acaeaaf2354cb427ad004d5d791b530319.css?body=1&livereload=1542658318307" for ::1 at 2018-11-19 12:11:58 -0800
Started GET "/assets/application.self-39bc33e4932ae6ebbea8c92ddca8a3acaeaaf2354cb427ad004d5d791b530319.css?body=1&livereload=1542658318309" for ::1 at 2018-11-19 12:11:58 -0800
Started GET "/assets/application.self-39bc33e4932ae6ebbea8c92ddca8a3acaeaaf2354cb427ad004d5d791b530319.css?body=1&livereload=1542658359297" for ::1 at 2018-11-19 12:12:39 -0800
Started GET "/assets/application.self-39bc33e4932ae6ebbea8c92ddca8a3acaeaaf2354cb427ad004d5d791b530319.css?body=1&livereload=1542658359299" for ::1 at 2018-11-19 12:12:39 -0800
Started GET "/assets/application.self-39bc33e4932ae6ebbea8c92ddca8a3acaeaaf2354cb427ad004d5d791b530319.css?body=1&livereload=1542658365343" for ::1 at 2018-11-19 12:12:45 -0800
Started GET "/assets/application.self-39bc33e4932ae6ebbea8c92ddca8a3acaeaaf2354cb427ad004d5d791b530319.css?body=1&livereload=1542658365345" for ::1 at 2018-11-19 12:12:45 -0800
Started GET "/assets/application.self-39bc33e4932ae6ebbea8c92ddca8a3acaeaaf2354cb427ad004d5d791b530319.css?body=1&livereload=1542658369535" for ::1 at 2018-11-19 12:12:49 -0800
Started GET "/assets/application.self-39bc33e4932ae6ebbea8c92ddca8a3acaeaaf2354cb427ad004d5d791b530319.css?body=1&livereload=1542658369537" for ::1 at 2018-11-19 12:12:49 -0800
Started GET "/assets/application.self-39bc33e4932ae6ebbea8c92ddca8a3acaeaaf2354cb427ad004d5d791b530319.css?body=1&livereload=1542658372965" for ::1 at 2018-11-19 12:12:52 -0800
Started GET "/assets/application.self-39bc33e4932ae6ebbea8c92ddca8a3acaeaaf2354cb427ad004d5d791b530319.css?body=1&livereload=1542658372966" for ::1 at 2018-11-19 12:12:52 -0800
Started GET "/assets/application.self-39bc33e4932ae6ebbea8c92ddca8a3acaeaaf2354cb427ad004d5d791b530319.css?body=1&livereload=1542658377812" for ::1 at 2018-11-19 12:12:57 -0800
Started GET "/assets/application.self-39bc33e4932ae6ebbea8c92ddca8a3acaeaaf2354cb427ad004d5d791b530319.css?body=1&livereload=1542658377814" for ::1 at 2018-11-19 12:12:57 -0800
Started GET "/assets/application.self-39bc33e4932ae6ebbea8c92ddca8a3acaeaaf2354cb427ad004d5d791b530319.css?body=1&livereload=1542658397587" for ::1 at 2018-11-19 12:13:17 -0800
Started GET "/assets/application.self-39bc33e4932ae6ebbea8c92ddca8a3acaeaaf2354cb427ad004d5d791b530319.css?body=1&livereload=1542658397588" for ::1 at 2018-11-19 12:13:17 -0800
Started GET "/assets/application.self-39bc33e4932ae6ebbea8c92ddca8a3acaeaaf2354cb427ad004d5d791b530319.css?body=1&livereload=1542658452841" for ::1 at 2018-11-19 12:14:12 -0800
Started GET "/assets/application.self-39bc33e4932ae6ebbea8c92ddca8a3acaeaaf2354cb427ad004d5d791b530319.css?body=1&livereload=1542658452839" for ::1 at 2018-11-19 12:14:12 -0800
Started GET "/assets/application.self-39bc33e4932ae6ebbea8c92ddca8a3acaeaaf2354cb427ad004d5d791b530319.css?body=1&livereload=1542658458323" for ::1 at 2018-11-19 12:14:18 -0800
Started GET "/assets/application.self-39bc33e4932ae6ebbea8c92ddca8a3acaeaaf2354cb427ad004d5d791b530319.css?body=1&livereload=1542658458324" for ::1 at 2018-11-19 12:14:18 -0800
Started GET "/assets/application.self-39bc33e4932ae6ebbea8c92ddca8a3acaeaaf2354cb427ad004d5d791b530319.css?body=1&livereload=1542658482520" for ::1 at 2018-11-19 12:14:42 -0800
Started GET "/assets/application.self-39bc33e4932ae6ebbea8c92ddca8a3acaeaaf2354cb427ad004d5d791b530319.css?body=1&livereload=1542658482522" for ::1 at 2018-11-19 12:14:42 -0800
Started GET "/assets/application.self-39bc33e4932ae6ebbea8c92ddca8a3acaeaaf2354cb427ad004d5d791b530319.css?body=1&livereload=1542658558088" for ::1 at 2018-11-19 12:15:58 -0800
Started GET "/assets/application.self-39bc33e4932ae6ebbea8c92ddca8a3acaeaaf2354cb427ad004d5d791b530319.css?body=1&livereload=1542658558090" for ::1 at 2018-11-19 12:15:58 -0800
Started GET "/" for ::1 at 2018-11-19 12:18:05 -0800
Processing by StaticPagesController#index as HTML
  Rendering static_pages/index.html.erb within layouts/application
  Rendered shared/_main_nav.html.erb (0.7ms)
  Rendered shared/_masthead.html.erb (1.1ms)
  Rendered shared/_sections_nav.html.erb (0.6ms)
  Rendered shared/_search_modal.html.erb (0.8ms)
  Rendered shared/_main_content.html.erb (0.7ms)
  Rendered static_pages/index.html.erb within layouts/application (19.7ms)
Completed 200 OK in 225ms (Views: 147.1ms | ActiveRecord: 0.0ms)


Started GET "/assets/application.self-9205826ba37763785a1853d94a4ae6a9eec2a13b507706e812a2c0967817211c.css?body=1" for ::1 at 2018-11-19 12:18:05 -0800
Started GET "/" for ::1 at 2018-11-19 12:19:26 -0800
Processing by StaticPagesController#index as HTML
  Rendering static_pages/index.html.erb within layouts/application
  Rendered shared/_main_nav.html.erb (0.6ms)
  Rendered shared/_masthead.html.erb (0.8ms)
  Rendered shared/_sections_nav.html.erb (0.5ms)
  Rendered shared/_search_modal.html.erb (0.4ms)
  Rendered shared/_main_content.html.erb (0.4ms)
  Rendered static_pages/index.html.erb within layouts/application (19.1ms)
Completed 200 OK in 52ms (Views: 46.9ms | ActiveRecord: 0.0ms)


Started GET "/" for ::1 at 2018-11-19 12:19:32 -0800
Processing by StaticPagesController#index as HTML
  Rendering static_pages/index.html.erb within layouts/application
  Rendered shared/_main_nav.html.erb (0.8ms)
  Rendered shared/_masthead.html.erb (0.7ms)
  Rendered shared/_sections_nav.html.erb (0.6ms)
  Rendered shared/_search_modal.html.erb (0.4ms)
  Rendered shared/_main_content.html.erb (0.5ms)
  Rendered static_pages/index.html.erb within layouts/application (23.0ms)
Completed 200 OK in 53ms (Views: 50.6ms | ActiveRecord: 0.0ms)


Started GET "/" for ::1 at 2018-11-19 12:19:40 -0800
Processing by StaticPagesController#index as HTML
  Rendering static_pages/index.html.erb within layouts/application
  Rendered shared/_main_nav.html.erb (0.4ms)
  Rendered shared/_masthead.html.erb (0.6ms)
  Rendered shared/_sections_nav.html.erb (0.8ms)
  Rendered shared/_search_modal.html.erb (0.6ms)
  Rendered shared/_main_content.html.erb (0.4ms)
  Rendered static_pages/index.html.erb within layouts/application (16.5ms)
Completed 200 OK in 43ms (Views: 39.2ms | ActiveRecord: 0.0ms)


Started GET "/" for ::1 at 2018-11-19 14:30:14 -0800
Processing by StaticPagesController#index as HTML
  Rendering static_pages/index.html.erb within layouts/application
  Rendered shared/_main_nav.html.erb (1.4ms)
  Rendered shared/_masthead.html.erb (0.4ms)
  Rendered shared/_sections_nav.html.erb (0.4ms)
  Rendered shared/_search_modal.html.erb (0.6ms)
  Rendered shared/_main_content.html.erb (0.5ms)
  Rendered static_pages/index.html.erb within layouts/application (29.9ms)
Completed 200 OK in 108ms (Views: 74.6ms | ActiveRecord: 0.0ms)


Started GET "/" for ::1 at 2018-11-19 14:30:48 -0800
Processing by StaticPagesController#index as HTML
  Rendering static_pages/index.html.erb within layouts/application
  Rendered shared/_main_nav.html.erb (0.5ms)
  Rendered shared/_masthead.html.erb (0.5ms)
  Rendered shared/_sections_nav.html.erb (0.3ms)
  Rendered shared/_search_modal.html.erb (0.5ms)
  Rendered shared/_main_content.html.erb (0.4ms)
  Rendered static_pages/index.html.erb within layouts/application (17.5ms)
Completed 200 OK in 49ms (Views: 46.1ms | ActiveRecord: 0.0ms)


Started GET "/" for ::1 at 2018-11-19 14:30:57 -0800
Processing by StaticPagesController#index as HTML
  Rendering static_pages/index.html.erb within layouts/application
  Rendered shared/_main_nav.html.erb (0.7ms)
  Rendered shared/_masthead.html.erb (0.4ms)
  Rendered shared/_sections_nav.html.erb (1.3ms)
  Rendered shared/_search_modal.html.erb (0.4ms)
  Rendered shared/_main_content.html.erb (0.3ms)
  Rendered static_pages/index.html.erb within layouts/application (17.8ms)
Completed 200 OK in 49ms (Views: 45.2ms | ActiveRecord: 0.0ms)


Started GET "/" for ::1 at 2018-11-19 14:31:44 -0800
Processing by StaticPagesController#index as HTML
  Rendering static_pages/index.html.erb within layouts/application
  Rendered shared/_main_nav.html.erb (0.4ms)
  Rendered shared/_masthead.html.erb (0.4ms)
  Rendered shared/_sections_nav.html.erb (0.4ms)
  Rendered shared/_search_modal.html.erb (0.6ms)
  Rendered shared/_main_content.html.erb (0.4ms)
  Rendered static_pages/index.html.erb within layouts/application (16.2ms)
Completed 200 OK in 44ms (Views: 41.1ms | ActiveRecord: 0.0ms)


Started GET "/" for ::1 at 2018-11-19 14:31:48 -0800
Processing by StaticPagesController#index as HTML
  Rendering static_pages/index.html.erb within layouts/application
  Rendered shared/_main_nav.html.erb (0.6ms)
  Rendered shared/_masthead.html.erb (0.6ms)
  Rendered shared/_sections_nav.html.erb (0.3ms)
  Rendered shared/_search_modal.html.erb (0.7ms)
  Rendered shared/_main_content.html.erb (0.4ms)
  Rendered static_pages/index.html.erb within layouts/application (15.5ms)
Completed 200 OK in 41ms (Views: 39.1ms | ActiveRecord: 0.0ms)


Started GET "/" for ::1 at 2018-11-19 14:31:59 -0800
Processing by StaticPagesController#index as HTML
  Rendering static_pages/index.html.erb within layouts/application
  Rendered shared/_main_nav.html.erb (0.8ms)
  Rendered shared/_masthead.html.erb (1.4ms)
  Rendered shared/_sections_nav.html.erb (0.5ms)
  Rendered shared/_search_modal.html.erb (0.3ms)
  Rendered shared/_main_content.html.erb (0.2ms)
  Rendered static_pages/index.html.erb within layouts/application (16.9ms)
Completed 200 OK in 51ms (Views: 46.0ms | ActiveRecord: 0.0ms)


Started GET "/" for ::1 at 2018-11-19 14:33:37 -0800
Processing by StaticPagesController#index as HTML
  Rendering static_pages/index.html.erb within layouts/application
  Rendered shared/_main_nav.html.erb (0.8ms)
  Rendered shared/_masthead.html.erb (0.6ms)
  Rendered shared/_sections_nav.html.erb (0.5ms)
  Rendered shared/_search_modal.html.erb (0.6ms)
  Rendered shared/_main_content.html.erb (0.4ms)
  Rendered static_pages/index.html.erb within layouts/application (21.7ms)
Completed 200 OK in 55ms (Views: 50.2ms | ActiveRecord: 0.0ms)


Started GET "/" for ::1 at 2018-11-19 14:34:33 -0800
Processing by StaticPagesController#index as HTML
  Rendering static_pages/index.html.erb within layouts/application
  Rendered shared/_main_nav.html.erb (0.4ms)
  Rendered shared/_masthead.html.erb (0.6ms)
  Rendered shared/_sections_nav.html.erb (0.3ms)
  Rendered shared/_search_modal.html.erb (0.6ms)
  Rendered shared/_main_content.html.erb (0.3ms)
  Rendered static_pages/index.html.erb within layouts/application (16.7ms)
Completed 200 OK in 42ms (Views: 38.2ms | ActiveRecord: 0.0ms)


Started GET "/" for ::1 at 2018-11-19 14:34:36 -0800
Processing by StaticPagesController#index as HTML
  Rendering static_pages/index.html.erb within layouts/application
  Rendered shared/_main_nav.html.erb (0.5ms)
  Rendered shared/_masthead.html.erb (0.4ms)
  Rendered shared/_sections_nav.html.erb (0.3ms)
  Rendered shared/_search_modal.html.erb (0.4ms)
  Rendered shared/_main_content.html.erb (0.5ms)
  Rendered static_pages/index.html.erb within layouts/application (18.1ms)
Completed 200 OK in 45ms (Views: 42.2ms | ActiveRecord: 0.0ms)


Started GET "/" for ::1 at 2018-11-19 14:35:42 -0800
Processing by StaticPagesController#index as HTML
  Rendering static_pages/index.html.erb within layouts/application
  Rendered shared/_main_nav.html.erb (0.5ms)
  Rendered shared/_masthead.html.erb (0.4ms)
  Rendered shared/_sections_nav.html.erb (0.6ms)
  Rendered shared/_search_modal.html.erb (0.5ms)
  Rendered shared/_main_content.html.erb (0.4ms)
  Rendered static_pages/index.html.erb within layouts/application (16.5ms)
Completed 200 OK in 42ms (Views: 39.0ms | ActiveRecord: 0.0ms)


Started GET "/" for ::1 at 2018-11-19 14:37:03 -0800
Processing by StaticPagesController#index as HTML
  Rendering static_pages/index.html.erb within layouts/application
  Rendered shared/_main_nav.html.erb (0.4ms)
  Rendered shared/_masthead.html.erb (0.6ms)
  Rendered shared/_sections_nav.html.erb (0.6ms)
  Rendered shared/_search_modal.html.erb (0.3ms)
  Rendered shared/_main_content.html.erb (0.4ms)
  Rendered static_pages/index.html.erb within layouts/application (19.1ms)
Completed 200 OK in 51ms (Views: 48.0ms | ActiveRecord: 0.0ms)


Started GET "/" for ::1 at 2018-11-19 14:39:31 -0800
Processing by StaticPagesController#index as HTML
  Rendering static_pages/index.html.erb within layouts/application
  Rendered shared/_main_nav.html.erb (0.4ms)
  Rendered shared/_masthead.html.erb (0.4ms)
  Rendered shared/_sections_nav.html.erb (0.5ms)
  Rendered shared/_search_modal.html.erb (0.6ms)
  Rendered shared/_main_content.html.erb (0.6ms)
  Rendered static_pages/index.html.erb within layouts/application (14.9ms)
Completed 200 OK in 49ms (Views: 45.1ms | ActiveRecord: 0.0ms)


Started GET "/" for ::1 at 2018-11-19 14:41:09 -0800
Processing by StaticPagesController#index as HTML
  Rendering static_pages/index.html.erb within layouts/application
  Rendered shared/_main_nav.html.erb (0.5ms)
  Rendered shared/_masthead.html.erb (0.5ms)
  Rendered shared/_sections_nav.html.erb (0.5ms)
  Rendered shared/_search_modal.html.erb (0.4ms)
  Rendered shared/_main_content.html.erb (0.6ms)
  Rendered static_pages/index.html.erb within layouts/application (33.1ms)
Completed 200 OK in 100ms (Views: 81.9ms | ActiveRecord: 0.0ms)


Started GET "/" for ::1 at 2018-11-19 14:41:26 -0800
Processing by StaticPagesController#index as HTML
  Rendering static_pages/index.html.erb within layouts/application
  Rendered shared/_main_nav.html.erb (1.6ms)
  Rendered shared/_masthead.html.erb (0.8ms)
  Rendered shared/_sections_nav.html.erb (0.4ms)
  Rendered shared/_search_modal.html.erb (0.2ms)
  Rendered shared/_main_content.html.erb (0.4ms)
  Rendered static_pages/index.html.erb within layouts/application (18.1ms)
Completed 200 OK in 55ms (Views: 50.0ms | ActiveRecord: 0.0ms)


Started GET "/" for ::1 at 2018-11-19 14:41:37 -0800
Processing by StaticPagesController#index as HTML
  Rendering static_pages/index.html.erb within layouts/application
  Rendered shared/_main_nav.html.erb (0.6ms)
  Rendered shared/_masthead.html.erb (0.4ms)
  Rendered shared/_sections_nav.html.erb (0.5ms)
  Rendered shared/_search_modal.html.erb (0.4ms)
  Rendered shared/_main_content.html.erb (0.3ms)
  Rendered static_pages/index.html.erb within layouts/application (16.3ms)
Completed 200 OK in 42ms (Views: 38.8ms | ActiveRecord: 0.0ms)


Started GET "/" for ::1 at 2018-11-19 14:41:59 -0800
Processing by StaticPagesController#index as HTML
  Rendering static_pages/index.html.erb within layouts/application
  Rendered shared/_main_nav.html.erb (0.4ms)
  Rendered shared/_masthead.html.erb (0.4ms)
  Rendered shared/_sections_nav.html.erb (0.4ms)
  Rendered shared/_search_modal.html.erb (0.4ms)
  Rendered shared/_main_content.html.erb (0.4ms)
  Rendered static_pages/index.html.erb within layouts/application (15.7ms)
Completed 200 OK in 42ms (Views: 38.2ms | ActiveRecord: 0.0ms)


Started GET "/" for ::1 at 2018-11-19 14:42:04 -0800
Processing by StaticPagesController#index as HTML
  Rendering static_pages/index.html.erb within layouts/application
  Rendered shared/_main_nav.html.erb (0.5ms)
  Rendered shared/_masthead.html.erb (0.6ms)
  Rendered shared/_sections_nav.html.erb (0.3ms)
  Rendered shared/_search_modal.html.erb (0.6ms)
  Rendered shared/_main_content.html.erb (0.5ms)
  Rendered static_pages/index.html.erb within layouts/application (16.9ms)
Completed 200 OK in 40ms (Views: 36.2ms | ActiveRecord: 0.0ms)


Started GET "/" for ::1 at 2018-11-19 14:42:08 -0800
Processing by StaticPagesController#index as HTML
  Rendering static_pages/index.html.erb within layouts/application
  Rendered shared/_main_nav.html.erb (0.6ms)
  Rendered shared/_masthead.html.erb (0.7ms)
  Rendered shared/_sections_nav.html.erb (0.5ms)
  Rendered shared/_search_modal.html.erb (0.3ms)
  Rendered shared/_main_content.html.erb (0.4ms)
  Rendered static_pages/index.html.erb within layouts/application (21.9ms)
Completed 200 OK in 64ms (Views: 58.5ms | ActiveRecord: 0.0ms)


Started GET "/" for ::1 at 2018-11-19 14:43:37 -0800
Processing by StaticPagesController#index as HTML
  Rendering static_pages/index.html.erb within layouts/application
  Rendered shared/_main_nav.html.erb (0.4ms)
  Rendered shared/_masthead.html.erb (0.4ms)
  Rendered shared/_sections_nav.html.erb (0.2ms)
  Rendered shared/_search_modal.html.erb (0.4ms)
  Rendered shared/_main_content.html.erb (0.4ms)
  Rendered static_pages/index.html.erb within layouts/application (15.3ms)
Completed 200 OK in 41ms (Views: 37.6ms | ActiveRecord: 0.0ms)


Started GET "/assets/application.self-9205826ba37763785a1853d94a4ae6a9eec2a13b507706e812a2c0967817211c.css?body=1&livereload=1542667450885" for ::1 at 2018-11-19 14:44:10 -0800
Started GET "/assets/application.self-9205826ba37763785a1853d94a4ae6a9eec2a13b507706e812a2c0967817211c.css?body=1&livereload=1542667450887" for ::1 at 2018-11-19 14:44:10 -0800
Started GET "/" for ::1 at 2018-11-19 14:45:32 -0800
Processing by StaticPagesController#index as HTML
  Rendering static_pages/index.html.erb within layouts/application
  Rendered shared/_main_nav.html.erb (0.4ms)
  Rendered shared/_masthead.html.erb (0.5ms)
  Rendered shared/_sections_nav.html.erb (0.3ms)
  Rendered shared/_search_modal.html.erb (0.2ms)
  Rendered shared/_main_content.html.erb (0.4ms)
  Rendered static_pages/index.html.erb within layouts/application (31.4ms)
Completed 200 OK in 99ms (Views: 83.5ms | ActiveRecord: 0.0ms)


Started GET "/assets/application.self-a9689f7b8d5f48665589582768bb95614b43304146ea9bb75aa8bb87c2ed6278.css?body=1" for ::1 at 2018-11-19 14:45:32 -0800
Started GET "/assets/application.self-a9689f7b8d5f48665589582768bb95614b43304146ea9bb75aa8bb87c2ed6278.css?body=1&livereload=1542667551500" for ::1 at 2018-11-19 14:45:51 -0800
Started GET "/assets/application.self-a9689f7b8d5f48665589582768bb95614b43304146ea9bb75aa8bb87c2ed6278.css?body=1&livereload=1542667551502" for ::1 at 2018-11-19 14:45:51 -0800
Started GET "/assets/application.self-a9689f7b8d5f48665589582768bb95614b43304146ea9bb75aa8bb87c2ed6278.css?body=1&livereload=1542667627873" for ::1 at 2018-11-19 14:47:07 -0800
Started GET "/assets/application.self-a9689f7b8d5f48665589582768bb95614b43304146ea9bb75aa8bb87c2ed6278.css?body=1&livereload=1542667627874" for ::1 at 2018-11-19 14:47:07 -0800
Started GET "/" for ::1 at 2018-11-19 14:47:59 -0800
Processing by StaticPagesController#index as HTML
  Rendering static_pages/index.html.erb within layouts/application
  Rendered shared/_main_nav.html.erb (0.5ms)
  Rendered shared/_masthead.html.erb (0.6ms)
  Rendered shared/_sections_nav.html.erb (0.5ms)
  Rendered shared/_search_modal.html.erb (0.4ms)
  Rendered shared/_main_content.html.erb (0.3ms)
  Rendered static_pages/index.html.erb within layouts/application (34.2ms)
Completed 200 OK in 104ms (Views: 81.7ms | ActiveRecord: 0.0ms)


Started GET "/assets/application.self-92651e16dd883b1c72a7e64f0c43b0c92c6871688e1649e371d1917fbd1402e1.css?body=1" for ::1 at 2018-11-19 14:48:00 -0800
Started GET "/" for ::1 at 2018-11-19 14:48:05 -0800
Processing by StaticPagesController#index as HTML
  Rendering static_pages/index.html.erb within layouts/application
  Rendered shared/_main_nav.html.erb (0.4ms)
  Rendered shared/_masthead.html.erb (0.8ms)
  Rendered shared/_sections_nav.html.erb (0.4ms)
  Rendered shared/_search_modal.html.erb (0.4ms)
  Rendered shared/_main_content.html.erb (0.4ms)
  Rendered static_pages/index.html.erb within layouts/application (17.2ms)
Completed 200 OK in 42ms (Views: 39.8ms | ActiveRecord: 0.0ms)


Started GET "/" for ::1 at 2018-11-19 14:48:09 -0800
Processing by StaticPagesController#index as HTML
  Rendering static_pages/index.html.erb within layouts/application
  Rendered shared/_main_nav.html.erb (0.5ms)
  Rendered shared/_masthead.html.erb (0.7ms)
  Rendered shared/_sections_nav.html.erb (0.4ms)
  Rendered shared/_search_modal.html.erb (0.4ms)
  Rendered shared/_main_content.html.erb (0.5ms)
  Rendered static_pages/index.html.erb within layouts/application (15.8ms)
Completed 200 OK in 41ms (Views: 37.5ms | ActiveRecord: 0.0ms)


Started GET "/" for ::1 at 2018-11-19 14:49:42 -0800
Processing by StaticPagesController#index as HTML
  Rendering static_pages/index.html.erb within layouts/application
  Rendered shared/_main_nav.html.erb (0.6ms)
  Rendered shared/_masthead.html.erb (0.5ms)
  Rendered shared/_sections_nav.html.erb (0.3ms)
  Rendered shared/_search_modal.html.erb (0.9ms)
  Rendered shared/_main_content.html.erb (0.4ms)
  Rendered static_pages/index.html.erb within layouts/application (34.9ms)
Completed 200 OK in 78ms (Views: 60.7ms | ActiveRecord: 0.0ms)


Started GET "/" for ::1 at 2018-11-19 14:50:03 -0800
Processing by StaticPagesController#index as HTML
  Rendering static_pages/index.html.erb within layouts/application
  Rendered shared/_main_nav.html.erb (0.7ms)
  Rendered shared/_masthead.html.erb (0.8ms)
  Rendered shared/_sections_nav.html.erb (0.6ms)
  Rendered shared/_search_modal.html.erb (0.5ms)
  Rendered shared/_main_content.html.erb (1.3ms)
  Rendered static_pages/index.html.erb within layouts/application (23.8ms)
Completed 200 OK in 57ms (Views: 52.6ms | ActiveRecord: 0.0ms)


Started GET "/" for ::1 at 2018-11-19 14:50:43 -0800
Processing by StaticPagesController#index as HTML
  Rendering static_pages/index.html.erb within layouts/application
  Rendered shared/_main_nav.html.erb (0.5ms)
  Rendered shared/_masthead.html.erb (0.4ms)
  Rendered shared/_sections_nav.html.erb (0.4ms)
  Rendered shared/_search_modal.html.erb (0.4ms)
  Rendered shared/_main_content.html.erb (0.4ms)
  Rendered static_pages/index.html.erb within layouts/application (17.0ms)
Completed 200 OK in 44ms (Views: 40.4ms | ActiveRecord: 0.0ms)


Started GET "/assets/application.self-92651e16dd883b1c72a7e64f0c43b0c92c6871688e1649e371d1917fbd1402e1.css?body=1&livereload=1542667897719" for ::1 at 2018-11-19 14:51:37 -0800
Started GET "/assets/application.self-92651e16dd883b1c72a7e64f0c43b0c92c6871688e1649e371d1917fbd1402e1.css?body=1&livereload=1542667897722" for ::1 at 2018-11-19 14:51:37 -0800
Started GET "/assets/application.self-92651e16dd883b1c72a7e64f0c43b0c92c6871688e1649e371d1917fbd1402e1.css?body=1&livereload=1542668007148" for ::1 at 2018-11-19 14:53:27 -0800
Started GET "/assets/application.self-92651e16dd883b1c72a7e64f0c43b0c92c6871688e1649e371d1917fbd1402e1.css?body=1&livereload=1542668007149" for ::1 at 2018-11-19 14:53:27 -0800
Started GET "/assets/application.self-92651e16dd883b1c72a7e64f0c43b0c92c6871688e1649e371d1917fbd1402e1.css?body=1&livereload=1542668013635" for ::1 at 2018-11-19 14:53:33 -0800
Started GET "/assets/application.self-92651e16dd883b1c72a7e64f0c43b0c92c6871688e1649e371d1917fbd1402e1.css?body=1&livereload=1542668013636" for ::1 at 2018-11-19 14:53:33 -0800
Started GET "/assets/application.self-92651e16dd883b1c72a7e64f0c43b0c92c6871688e1649e371d1917fbd1402e1.css?body=1&livereload=1542668071047" for ::1 at 2018-11-19 14:54:31 -0800
Started GET "/assets/application.self-92651e16dd883b1c72a7e64f0c43b0c92c6871688e1649e371d1917fbd1402e1.css?body=1&livereload=1542668071049" for ::1 at 2018-11-19 14:54:31 -0800
Started GET "/assets/application.self-92651e16dd883b1c72a7e64f0c43b0c92c6871688e1649e371d1917fbd1402e1.css?body=1&livereload=1542668187593" for ::1 at 2018-11-19 14:56:27 -0800
Started GET "/assets/application.self-92651e16dd883b1c72a7e64f0c43b0c92c6871688e1649e371d1917fbd1402e1.css?body=1&livereload=1542668187596" for ::1 at 2018-11-19 14:56:27 -0800
Started GET "/assets/application.self-92651e16dd883b1c72a7e64f0c43b0c92c6871688e1649e371d1917fbd1402e1.css?body=1&livereload=1542668207189" for ::1 at 2018-11-19 14:56:47 -0800
Started GET "/assets/application.self-92651e16dd883b1c72a7e64f0c43b0c92c6871688e1649e371d1917fbd1402e1.css?body=1&livereload=1542668207191" for ::1 at 2018-11-19 14:56:47 -0800
Started GET "/" for ::1 at 2018-11-19 14:56:59 -0800
Processing by StaticPagesController#index as HTML
  Rendering static_pages/index.html.erb within layouts/application
  Rendered shared/_main_nav.html.erb (0.9ms)
  Rendered shared/_masthead.html.erb (0.5ms)
  Rendered shared/_sections_nav.html.erb (1.0ms)
  Rendered shared/_search_modal.html.erb (0.4ms)
  Rendered shared/_main_content.html.erb (0.5ms)
  Rendered static_pages/index.html.erb within layouts/application (26.9ms)
Completed 200 OK in 155ms (Views: 102.2ms | ActiveRecord: 0.0ms)


Started GET "/assets/application.self-350f0f55c53ef84c23ba8206af15a9f1fc189289d27ea64597989d69d3eb6150.css?body=1" for ::1 at 2018-11-19 14:57:00 -0800
Started GET "/assets/application.self-350f0f55c53ef84c23ba8206af15a9f1fc189289d27ea64597989d69d3eb6150.css?body=1&livereload=1542668245054" for ::1 at 2018-11-19 14:57:25 -0800
Started GET "/assets/application.self-350f0f55c53ef84c23ba8206af15a9f1fc189289d27ea64597989d69d3eb6150.css?body=1&livereload=1542668245057" for ::1 at 2018-11-19 14:57:25 -0800
